Sender: LSF System <jszostek@galton>
Subject: Job 8193205: <#!/bin/bash;echo LSB_JOB_REPORT_MAIL=N >> ~/.bashrc;Rscript coupling_accuracy_fx_T.R> in cluster <PMACS-SCC> Done

Job <#!/bin/bash;echo LSB_JOB_REPORT_MAIL=N >> ~/.bashrc;Rscript coupling_accuracy_fx_T.R> was submitted from host <scisub> by user <eballer> in cluster <PMACS-SCC> at Fri Feb 12 17:18:44 2021
Job was executed on host(s) <galton>, in queue <bbl_normal>, as user <eballer> in cluster <PMACS-SCC> at Fri Feb 12 17:18:46 2021
</home/eballer> was used as the home directory.
</project/imco/baller/scripts/coupling> was used as the working directory.
Started at Fri Feb 12 17:18:46 2021
Terminated at Fri Feb 12 17:55:06 2021
Results reported at Fri Feb 12 17:55:06 2021

Your job looked like:

------------------------------------------------------------
# LSBATCH: User input
#!/bin/bash
echo LSB_JOB_REPORT_MAIL=N >> ~/.bashrc
Rscript coupling_accuracy_fx_T.R

------------------------------------------------------------

Successfully completed.

Resource usage summary:

    CPU time :                                   2118.18 sec.
    Max Memory :                                 669 MB
    Average Memory :                             575.15 MB
    Total Requested Memory :                     131072.00 MB
    Delta Memory :                               130403.00 MB
    Max Swap :                                   -
    Max Processes :                              5
    Max Threads :                                6
    Run time :                                   2179 sec.
    Turnaround time :                            2182 sec.

The output (if any) follows:

[1] "lh_gam_age_p_uncor <- vector(length = 10242)"
[2] "lh_gam_age_p_fdr <- vector(length = 10242)"  
[1] "lh_gam_age_p_uncor <- vector(length = 10242)"
[2] "lh_gam_age_p_fdr <- vector(length = 10242)"  
[1] "lh_gam_age_t_uncor <- vector(length = 10242)"
[2] "lh_gam_age_t_fdr <- vector(length = 10242)"  
[1] "lh_gam_age_t_uncor <- vector(length = 10242)"
[2] "lh_gam_age_t_fdr <- vector(length = 10242)"  
[1] "lh_gam_sex_p_uncor <- vector(length = 10242)"
[2] "lh_gam_sex_p_fdr <- vector(length = 10242)"  
[1] "lh_gam_sex_p_uncor <- vector(length = 10242)"
[2] "lh_gam_sex_p_fdr <- vector(length = 10242)"  
[1] "lh_gam_sex_t_uncor <- vector(length = 10242)"
[2] "lh_gam_sex_t_fdr <- vector(length = 10242)"  
[1] "lh_gam_sex_t_uncor <- vector(length = 10242)"
[2] "lh_gam_sex_t_fdr <- vector(length = 10242)"  
[1] "lh_gam_accuracy_p_uncor <- vector(length = 10242)"
[2] "lh_gam_accuracy_p_fdr <- vector(length = 10242)"  
[1] "lh_gam_accuracy_p_uncor <- vector(length = 10242)"
[2] "lh_gam_accuracy_p_fdr <- vector(length = 10242)"  
[1] "lh_gam_accuracy_t_uncor <- vector(length = 10242)"
[2] "lh_gam_accuracy_t_fdr <- vector(length = 10242)"  
[1] "lh_gam_accuracy_t_uncor <- vector(length = 10242)"
[2] "lh_gam_accuracy_t_fdr <- vector(length = 10242)"  
[1] "lh_gam_exec_accuracy_p_uncor <- vector(length = 10242)"
[2] "lh_gam_exec_accuracy_p_fdr <- vector(length = 10242)"  
[1] "lh_gam_exec_accuracy_p_uncor <- vector(length = 10242)"
[2] "lh_gam_exec_accuracy_p_fdr <- vector(length = 10242)"  
[1] "lh_gam_exec_accuracy_t_uncor <- vector(length = 10242)"
[2] "lh_gam_exec_accuracy_t_fdr <- vector(length = 10242)"  
[1] "lh_gam_exec_accuracy_t_uncor <- vector(length = 10242)"
[2] "lh_gam_exec_accuracy_t_fdr <- vector(length = 10242)"  
[1] "lh_gam_soc_accuracy_p_uncor <- vector(length = 10242)"
[2] "lh_gam_soc_accuracy_p_fdr <- vector(length = 10242)"  
[1] "lh_gam_soc_accuracy_p_uncor <- vector(length = 10242)"
[2] "lh_gam_soc_accuracy_p_fdr <- vector(length = 10242)"  
[1] "lh_gam_soc_accuracy_t_uncor <- vector(length = 10242)"
[2] "lh_gam_soc_accuracy_t_fdr <- vector(length = 10242)"  
[1] "lh_gam_soc_accuracy_t_uncor <- vector(length = 10242)"
[2] "lh_gam_soc_accuracy_t_fdr <- vector(length = 10242)"  
[1] "lh_gam_mem_accuracy_p_uncor <- vector(length = 10242)"
[2] "lh_gam_mem_accuracy_p_fdr <- vector(length = 10242)"  
[1] "lh_gam_mem_accuracy_p_uncor <- vector(length = 10242)"
[2] "lh_gam_mem_accuracy_p_fdr <- vector(length = 10242)"  
[1] "lh_gam_mem_accuracy_t_uncor <- vector(length = 10242)"
[2] "lh_gam_mem_accuracy_t_fdr <- vector(length = 10242)"  
[1] "lh_gam_mem_accuracy_t_uncor <- vector(length = 10242)"
[2] "lh_gam_mem_accuracy_t_fdr <- vector(length = 10242)"  
[1] "rh_gam_age_p_uncor <- vector(length = 10242)"
[2] "rh_gam_age_p_fdr <- vector(length = 10242)"  
[1] "rh_gam_age_p_uncor <- vector(length = 10242)"
[2] "rh_gam_age_p_fdr <- vector(length = 10242)"  
[1] "rh_gam_age_t_uncor <- vector(length = 10242)"
[2] "rh_gam_age_t_fdr <- vector(length = 10242)"  
[1] "rh_gam_age_t_uncor <- vector(length = 10242)"
[2] "rh_gam_age_t_fdr <- vector(length = 10242)"  
[1] "rh_gam_sex_p_uncor <- vector(length = 10242)"
[2] "rh_gam_sex_p_fdr <- vector(length = 10242)"  
[1] "rh_gam_sex_p_uncor <- vector(length = 10242)"
[2] "rh_gam_sex_p_fdr <- vector(length = 10242)"  
[1] "rh_gam_sex_t_uncor <- vector(length = 10242)"
[2] "rh_gam_sex_t_fdr <- vector(length = 10242)"  
[1] "rh_gam_sex_t_uncor <- vector(length = 10242)"
[2] "rh_gam_sex_t_fdr <- vector(length = 10242)"  
[1] "rh_gam_accuracy_p_uncor <- vector(length = 10242)"
[2] "rh_gam_accuracy_p_fdr <- vector(length = 10242)"  
[1] "rh_gam_accuracy_p_uncor <- vector(length = 10242)"
[2] "rh_gam_accuracy_p_fdr <- vector(length = 10242)"  
[1] "rh_gam_accuracy_t_uncor <- vector(length = 10242)"
[2] "rh_gam_accuracy_t_fdr <- vector(length = 10242)"  
[1] "rh_gam_accuracy_t_uncor <- vector(length = 10242)"
[2] "rh_gam_accuracy_t_fdr <- vector(length = 10242)"  
[1] "rh_gam_exec_accuracy_p_uncor <- vector(length = 10242)"
[2] "rh_gam_exec_accuracy_p_fdr <- vector(length = 10242)"  
[1] "rh_gam_exec_accuracy_p_uncor <- vector(length = 10242)"
[2] "rh_gam_exec_accuracy_p_fdr <- vector(length = 10242)"  
[1] "rh_gam_exec_accuracy_t_uncor <- vector(length = 10242)"
[2] "rh_gam_exec_accuracy_t_fdr <- vector(length = 10242)"  
[1] "rh_gam_exec_accuracy_t_uncor <- vector(length = 10242)"
[2] "rh_gam_exec_accuracy_t_fdr <- vector(length = 10242)"  
[1] "rh_gam_soc_accuracy_p_uncor <- vector(length = 10242)"
[2] "rh_gam_soc_accuracy_p_fdr <- vector(length = 10242)"  
[1] "rh_gam_soc_accuracy_p_uncor <- vector(length = 10242)"
[2] "rh_gam_soc_accuracy_p_fdr <- vector(length = 10242)"  
[1] "rh_gam_soc_accuracy_t_uncor <- vector(length = 10242)"
[2] "rh_gam_soc_accuracy_t_fdr <- vector(length = 10242)"  
[1] "rh_gam_soc_accuracy_t_uncor <- vector(length = 10242)"
[2] "rh_gam_soc_accuracy_t_fdr <- vector(length = 10242)"  
[1] "rh_gam_mem_accuracy_p_uncor <- vector(length = 10242)"
[2] "rh_gam_mem_accuracy_p_fdr <- vector(length = 10242)"  
[1] "rh_gam_mem_accuracy_p_uncor <- vector(length = 10242)"
[2] "rh_gam_mem_accuracy_p_fdr <- vector(length = 10242)"  
[1] "rh_gam_mem_accuracy_t_uncor <- vector(length = 10242)"
[2] "rh_gam_mem_accuracy_t_fdr <- vector(length = 10242)"  
[1] "rh_gam_mem_accuracy_t_uncor <- vector(length = 10242)"
[2] "rh_gam_mem_accuracy_t_fdr <- vector(length = 10242)"  
[1] "lh_gam_age_p_uncor"
[1] "lh_gam_sex_p_uncor"
[1] "lh_gam_accuracy_p_uncor"
[1] "lh_gam_exec_accuracy_p_uncor"
[1] "lh_gam_soc_accuracy_p_uncor"
[1] "lh_gam_mem_accuracy_p_uncor"
[1] "rh_gam_age_p_uncor"
[1] "rh_gam_sex_p_uncor"
[1] "rh_gam_accuracy_p_uncor"
[1] "rh_gam_exec_accuracy_p_uncor"
[1] "rh_gam_soc_accuracy_p_uncor"
[1] "rh_gam_mem_accuracy_p_uncor"
[1] "lh_lm_age_p_uncor"
[1] "lh_lm_sex_p_uncor"
[1] "lh_lm_accuracy_p_uncor"
[1] "lh_lm_exec_accuracy_p_uncor"
[1] "lh_lm_soc_accuracy_p_uncor"
[1] "lh_lm_mem_accuracy_p_uncor"
[1] "rh_lm_age_p_uncor"
[1] "rh_lm_sex_p_uncor"
[1] "rh_lm_accuracy_p_uncor"
[1] "rh_lm_exec_accuracy_p_uncor"
[1] "rh_lm_soc_accuracy_p_uncor"
[1] "rh_lm_mem_accuracy_p_uncor"


PS:

Read file </project/imco/baller/scripts/coupling/logfiles/outputlogjob.error> for stderr output of this job.

Sender: LSF System <jszostek@lasr1>
Subject: Job 8195971: <#!/bin/bash;echo LSB_JOB_REPORT_MAIL=N >> ~/.bashrc;Rscript coupling_accuracy_fx_T.R> in cluster <PMACS-SCC> Done

Job <#!/bin/bash;echo LSB_JOB_REPORT_MAIL=N >> ~/.bashrc;Rscript coupling_accuracy_fx_T.R> was submitted from host <lasr1> by user <eballer> in cluster <PMACS-SCC> at Tue Feb 16 11:38:20 2021
Job was executed on host(s) <lasr1>, in queue <bbl_normal>, as user <eballer> in cluster <PMACS-SCC> at Tue Feb 16 11:38:20 2021
</home/eballer> was used as the home directory.
</project/imco/baller/scripts/coupling> was used as the working directory.
Started at Tue Feb 16 11:38:20 2021
Terminated at Tue Feb 16 12:14:19 2021
Results reported at Tue Feb 16 12:14:19 2021

Your job looked like:

------------------------------------------------------------
# LSBATCH: User input
#!/bin/bash
echo LSB_JOB_REPORT_MAIL=N >> ~/.bashrc
Rscript coupling_accuracy_fx_T.R

------------------------------------------------------------

Successfully completed.

Resource usage summary:

    CPU time :                                   2068.16 sec.
    Max Memory :                                 665 MB
    Average Memory :                             578.50 MB
    Total Requested Memory :                     131072.00 MB
    Delta Memory :                               130407.00 MB
    Max Swap :                                   -
    Max Processes :                              4
    Max Threads :                                5
    Run time :                                   2159 sec.
    Turnaround time :                            2159 sec.

The output (if any) follows:

[1] "lh_gam_age_p_uncor <- vector(length = 10242)"
[2] "lh_gam_age_p_fdr <- vector(length = 10242)"  
[1] "lh_gam_age_p_uncor <- vector(length = 10242)"
[2] "lh_gam_age_p_fdr <- vector(length = 10242)"  
[1] "lh_gam_age_t_uncor <- vector(length = 10242)"
[2] "lh_gam_age_t_fdr <- vector(length = 10242)"  
[1] "lh_gam_age_t_uncor <- vector(length = 10242)"
[2] "lh_gam_age_t_fdr <- vector(length = 10242)"  
[1] "lh_gam_sex_p_uncor <- vector(length = 10242)"
[2] "lh_gam_sex_p_fdr <- vector(length = 10242)"  
[1] "lh_gam_sex_p_uncor <- vector(length = 10242)"
[2] "lh_gam_sex_p_fdr <- vector(length = 10242)"  
[1] "lh_gam_sex_t_uncor <- vector(length = 10242)"
[2] "lh_gam_sex_t_fdr <- vector(length = 10242)"  
[1] "lh_gam_sex_t_uncor <- vector(length = 10242)"
[2] "lh_gam_sex_t_fdr <- vector(length = 10242)"  
[1] "lh_gam_accuracy_p_uncor <- vector(length = 10242)"
[2] "lh_gam_accuracy_p_fdr <- vector(length = 10242)"  
[1] "lh_gam_accuracy_p_uncor <- vector(length = 10242)"
[2] "lh_gam_accuracy_p_fdr <- vector(length = 10242)"  
[1] "lh_gam_accuracy_t_uncor <- vector(length = 10242)"
[2] "lh_gam_accuracy_t_fdr <- vector(length = 10242)"  
[1] "lh_gam_accuracy_t_uncor <- vector(length = 10242)"
[2] "lh_gam_accuracy_t_fdr <- vector(length = 10242)"  
[1] "lh_gam_exec_accuracy_p_uncor <- vector(length = 10242)"
[2] "lh_gam_exec_accuracy_p_fdr <- vector(length = 10242)"  
[1] "lh_gam_exec_accuracy_p_uncor <- vector(length = 10242)"
[2] "lh_gam_exec_accuracy_p_fdr <- vector(length = 10242)"  
[1] "lh_gam_exec_accuracy_t_uncor <- vector(length = 10242)"
[2] "lh_gam_exec_accuracy_t_fdr <- vector(length = 10242)"  
[1] "lh_gam_exec_accuracy_t_uncor <- vector(length = 10242)"
[2] "lh_gam_exec_accuracy_t_fdr <- vector(length = 10242)"  
[1] "lh_gam_soc_accuracy_p_uncor <- vector(length = 10242)"
[2] "lh_gam_soc_accuracy_p_fdr <- vector(length = 10242)"  
[1] "lh_gam_soc_accuracy_p_uncor <- vector(length = 10242)"
[2] "lh_gam_soc_accuracy_p_fdr <- vector(length = 10242)"  
[1] "lh_gam_soc_accuracy_t_uncor <- vector(length = 10242)"
[2] "lh_gam_soc_accuracy_t_fdr <- vector(length = 10242)"  
[1] "lh_gam_soc_accuracy_t_uncor <- vector(length = 10242)"
[2] "lh_gam_soc_accuracy_t_fdr <- vector(length = 10242)"  
[1] "lh_gam_mem_accuracy_p_uncor <- vector(length = 10242)"
[2] "lh_gam_mem_accuracy_p_fdr <- vector(length = 10242)"  
[1] "lh_gam_mem_accuracy_p_uncor <- vector(length = 10242)"
[2] "lh_gam_mem_accuracy_p_fdr <- vector(length = 10242)"  
[1] "lh_gam_mem_accuracy_t_uncor <- vector(length = 10242)"
[2] "lh_gam_mem_accuracy_t_fdr <- vector(length = 10242)"  
[1] "lh_gam_mem_accuracy_t_uncor <- vector(length = 10242)"
[2] "lh_gam_mem_accuracy_t_fdr <- vector(length = 10242)"  
[1] "rh_gam_age_p_uncor <- vector(length = 10242)"
[2] "rh_gam_age_p_fdr <- vector(length = 10242)"  
[1] "rh_gam_age_p_uncor <- vector(length = 10242)"
[2] "rh_gam_age_p_fdr <- vector(length = 10242)"  
[1] "rh_gam_age_t_uncor <- vector(length = 10242)"
[2] "rh_gam_age_t_fdr <- vector(length = 10242)"  
[1] "rh_gam_age_t_uncor <- vector(length = 10242)"
[2] "rh_gam_age_t_fdr <- vector(length = 10242)"  
[1] "rh_gam_sex_p_uncor <- vector(length = 10242)"
[2] "rh_gam_sex_p_fdr <- vector(length = 10242)"  
[1] "rh_gam_sex_p_uncor <- vector(length = 10242)"
[2] "rh_gam_sex_p_fdr <- vector(length = 10242)"  
[1] "rh_gam_sex_t_uncor <- vector(length = 10242)"
[2] "rh_gam_sex_t_fdr <- vector(length = 10242)"  
[1] "rh_gam_sex_t_uncor <- vector(length = 10242)"
[2] "rh_gam_sex_t_fdr <- vector(length = 10242)"  
[1] "rh_gam_accuracy_p_uncor <- vector(length = 10242)"
[2] "rh_gam_accuracy_p_fdr <- vector(length = 10242)"  
[1] "rh_gam_accuracy_p_uncor <- vector(length = 10242)"
[2] "rh_gam_accuracy_p_fdr <- vector(length = 10242)"  
[1] "rh_gam_accuracy_t_uncor <- vector(length = 10242)"
[2] "rh_gam_accuracy_t_fdr <- vector(length = 10242)"  
[1] "rh_gam_accuracy_t_uncor <- vector(length = 10242)"
[2] "rh_gam_accuracy_t_fdr <- vector(length = 10242)"  
[1] "rh_gam_exec_accuracy_p_uncor <- vector(length = 10242)"
[2] "rh_gam_exec_accuracy_p_fdr <- vector(length = 10242)"  
[1] "rh_gam_exec_accuracy_p_uncor <- vector(length = 10242)"
[2] "rh_gam_exec_accuracy_p_fdr <- vector(length = 10242)"  
[1] "rh_gam_exec_accuracy_t_uncor <- vector(length = 10242)"
[2] "rh_gam_exec_accuracy_t_fdr <- vector(length = 10242)"  
[1] "rh_gam_exec_accuracy_t_uncor <- vector(length = 10242)"
[2] "rh_gam_exec_accuracy_t_fdr <- vector(length = 10242)"  
[1] "rh_gam_soc_accuracy_p_uncor <- vector(length = 10242)"
[2] "rh_gam_soc_accuracy_p_fdr <- vector(length = 10242)"  
[1] "rh_gam_soc_accuracy_p_uncor <- vector(length = 10242)"
[2] "rh_gam_soc_accuracy_p_fdr <- vector(length = 10242)"  
[1] "rh_gam_soc_accuracy_t_uncor <- vector(length = 10242)"
[2] "rh_gam_soc_accuracy_t_fdr <- vector(length = 10242)"  
[1] "rh_gam_soc_accuracy_t_uncor <- vector(length = 10242)"
[2] "rh_gam_soc_accuracy_t_fdr <- vector(length = 10242)"  
[1] "rh_gam_mem_accuracy_p_uncor <- vector(length = 10242)"
[2] "rh_gam_mem_accuracy_p_fdr <- vector(length = 10242)"  
[1] "rh_gam_mem_accuracy_p_uncor <- vector(length = 10242)"
[2] "rh_gam_mem_accuracy_p_fdr <- vector(length = 10242)"  
[1] "rh_gam_mem_accuracy_t_uncor <- vector(length = 10242)"
[2] "rh_gam_mem_accuracy_t_fdr <- vector(length = 10242)"  
[1] "rh_gam_mem_accuracy_t_uncor <- vector(length = 10242)"
[2] "rh_gam_mem_accuracy_t_fdr <- vector(length = 10242)"  
[1] "lh_gam_age_p_uncor"
[1] "lh_gam_sex_p_uncor"
[1] "lh_gam_accuracy_p_uncor"
[1] "lh_gam_exec_accuracy_p_uncor"
[1] "lh_gam_soc_accuracy_p_uncor"
[1] "lh_gam_mem_accuracy_p_uncor"
[1] "rh_gam_age_p_uncor"
[1] "rh_gam_sex_p_uncor"
[1] "rh_gam_accuracy_p_uncor"
[1] "rh_gam_exec_accuracy_p_uncor"
[1] "rh_gam_soc_accuracy_p_uncor"
[1] "rh_gam_mem_accuracy_p_uncor"
[1] "lh_lm_age_p_uncor"
[1] "lh_lm_sex_p_uncor"
[1] "lh_lm_accuracy_p_uncor"
[1] "lh_lm_exec_accuracy_p_uncor"
[1] "lh_lm_soc_accuracy_p_uncor"
[1] "lh_lm_mem_accuracy_p_uncor"
[1] "rh_lm_age_p_uncor"
[1] "rh_lm_sex_p_uncor"
[1] "rh_lm_accuracy_p_uncor"
[1] "rh_lm_exec_accuracy_p_uncor"
[1] "rh_lm_soc_accuracy_p_uncor"
[1] "rh_lm_mem_accuracy_p_uncor"


PS:

Read file </project/imco/baller/scripts/coupling/logfiles/outputlogjob.error> for stderr output of this job.

Sender: LSF System <jszostek@lasr1>
Subject: Job 8196006: <#!/bin/bash;echo LSB_JOB_REPORT_MAIL=N >> ~/.bashrc;Rscript coupling_accuracy_fx_T.R> in cluster <PMACS-SCC> Exited

Job <#!/bin/bash;echo LSB_JOB_REPORT_MAIL=N >> ~/.bashrc;Rscript coupling_accuracy_fx_T.R> was submitted from host <scisub> by user <eballer> in cluster <PMACS-SCC> at Tue Feb 16 12:24:46 2021
Job was executed on host(s) <lasr1>, in queue <bbl_normal>, as user <eballer> in cluster <PMACS-SCC> at Tue Feb 16 12:24:47 2021
</home/eballer> was used as the home directory.
</project/imco/baller/scripts/coupling> was used as the working directory.
Started at Tue Feb 16 12:24:47 2021
Terminated at Tue Feb 16 12:26:17 2021
Results reported at Tue Feb 16 12:26:17 2021

Your job looked like:

------------------------------------------------------------
# LSBATCH: User input
#!/bin/bash
echo LSB_JOB_REPORT_MAIL=N >> ~/.bashrc
Rscript coupling_accuracy_fx_T.R

------------------------------------------------------------

Exited with exit code 1.

Resource usage summary:

    CPU time :                                   69.66 sec.
    Max Memory :                                 665 MB
    Average Memory :                             484.71 MB
    Total Requested Memory :                     131072.00 MB
    Delta Memory :                               130407.00 MB
    Max Swap :                                   -
    Max Processes :                              4
    Max Threads :                                5
    Run time :                                   89 sec.
    Turnaround time :                            91 sec.

The output (if any) follows:

[1] "lh_gam_age_p_uncor <- vector(length = 10242)"
[2] "lh_gam_age_p_fdr <- vector(length = 10242)"  
[1] "lh_gam_age_p_uncor <- vector(length = 10242)"
[2] "lh_gam_age_p_fdr <- vector(length = 10242)"  
[1] "lh_gam_age_t_uncor <- vector(length = 10242)"
[2] "lh_gam_age_t_fdr <- vector(length = 10242)"  
[1] "lh_gam_age_t_uncor <- vector(length = 10242)"
[2] "lh_gam_age_t_fdr <- vector(length = 10242)"  
[1] "lh_gam_sex_p_uncor <- vector(length = 10242)"
[2] "lh_gam_sex_p_fdr <- vector(length = 10242)"  
[1] "lh_gam_sex_p_uncor <- vector(length = 10242)"
[2] "lh_gam_sex_p_fdr <- vector(length = 10242)"  
[1] "lh_gam_sex_t_uncor <- vector(length = 10242)"
[2] "lh_gam_sex_t_fdr <- vector(length = 10242)"  
[1] "lh_gam_sex_t_uncor <- vector(length = 10242)"
[2] "lh_gam_sex_t_fdr <- vector(length = 10242)"  
[1] "lh_gam_accuracy_p_uncor <- vector(length = 10242)"
[2] "lh_gam_accuracy_p_fdr <- vector(length = 10242)"  
[1] "lh_gam_accuracy_p_uncor <- vector(length = 10242)"
[2] "lh_gam_accuracy_p_fdr <- vector(length = 10242)"  
[1] "lh_gam_accuracy_t_uncor <- vector(length = 10242)"
[2] "lh_gam_accuracy_t_fdr <- vector(length = 10242)"  
[1] "lh_gam_accuracy_t_uncor <- vector(length = 10242)"
[2] "lh_gam_accuracy_t_fdr <- vector(length = 10242)"  
[1] "lh_gam_exec_accuracy_p_uncor <- vector(length = 10242)"
[2] "lh_gam_exec_accuracy_p_fdr <- vector(length = 10242)"  
[1] "lh_gam_exec_accuracy_p_uncor <- vector(length = 10242)"
[2] "lh_gam_exec_accuracy_p_fdr <- vector(length = 10242)"  
[1] "lh_gam_exec_accuracy_t_uncor <- vector(length = 10242)"
[2] "lh_gam_exec_accuracy_t_fdr <- vector(length = 10242)"  
[1] "lh_gam_exec_accuracy_t_uncor <- vector(length = 10242)"
[2] "lh_gam_exec_accuracy_t_fdr <- vector(length = 10242)"  
[1] "lh_gam_soc_accuracy_p_uncor <- vector(length = 10242)"
[2] "lh_gam_soc_accuracy_p_fdr <- vector(length = 10242)"  
[1] "lh_gam_soc_accuracy_p_uncor <- vector(length = 10242)"
[2] "lh_gam_soc_accuracy_p_fdr <- vector(length = 10242)"  
[1] "lh_gam_soc_accuracy_t_uncor <- vector(length = 10242)"
[2] "lh_gam_soc_accuracy_t_fdr <- vector(length = 10242)"  
[1] "lh_gam_soc_accuracy_t_uncor <- vector(length = 10242)"
[2] "lh_gam_soc_accuracy_t_fdr <- vector(length = 10242)"  
[1] "lh_gam_mem_accuracy_p_uncor <- vector(length = 10242)"
[2] "lh_gam_mem_accuracy_p_fdr <- vector(length = 10242)"  
[1] "lh_gam_mem_accuracy_p_uncor <- vector(length = 10242)"
[2] "lh_gam_mem_accuracy_p_fdr <- vector(length = 10242)"  
[1] "lh_gam_mem_accuracy_t_uncor <- vector(length = 10242)"
[2] "lh_gam_mem_accuracy_t_fdr <- vector(length = 10242)"  
[1] "lh_gam_mem_accuracy_t_uncor <- vector(length = 10242)"
[2] "lh_gam_mem_accuracy_t_fdr <- vector(length = 10242)"  
[1] "rh_gam_age_p_uncor <- vector(length = 10242)"
[2] "rh_gam_age_p_fdr <- vector(length = 10242)"  
[1] "rh_gam_age_p_uncor <- vector(length = 10242)"
[2] "rh_gam_age_p_fdr <- vector(length = 10242)"  
[1] "rh_gam_age_t_uncor <- vector(length = 10242)"
[2] "rh_gam_age_t_fdr <- vector(length = 10242)"  
[1] "rh_gam_age_t_uncor <- vector(length = 10242)"
[2] "rh_gam_age_t_fdr <- vector(length = 10242)"  
[1] "rh_gam_sex_p_uncor <- vector(length = 10242)"
[2] "rh_gam_sex_p_fdr <- vector(length = 10242)"  
[1] "rh_gam_sex_p_uncor <- vector(length = 10242)"
[2] "rh_gam_sex_p_fdr <- vector(length = 10242)"  
[1] "rh_gam_sex_t_uncor <- vector(length = 10242)"
[2] "rh_gam_sex_t_fdr <- vector(length = 10242)"  
[1] "rh_gam_sex_t_uncor <- vector(length = 10242)"
[2] "rh_gam_sex_t_fdr <- vector(length = 10242)"  
[1] "rh_gam_accuracy_p_uncor <- vector(length = 10242)"
[2] "rh_gam_accuracy_p_fdr <- vector(length = 10242)"  
[1] "rh_gam_accuracy_p_uncor <- vector(length = 10242)"
[2] "rh_gam_accuracy_p_fdr <- vector(length = 10242)"  
[1] "rh_gam_accuracy_t_uncor <- vector(length = 10242)"
[2] "rh_gam_accuracy_t_fdr <- vector(length = 10242)"  
[1] "rh_gam_accuracy_t_uncor <- vector(length = 10242)"
[2] "rh_gam_accuracy_t_fdr <- vector(length = 10242)"  
[1] "rh_gam_exec_accuracy_p_uncor <- vector(length = 10242)"
[2] "rh_gam_exec_accuracy_p_fdr <- vector(length = 10242)"  
[1] "rh_gam_exec_accuracy_p_uncor <- vector(length = 10242)"
[2] "rh_gam_exec_accuracy_p_fdr <- vector(length = 10242)"  
[1] "rh_gam_exec_accuracy_t_uncor <- vector(length = 10242)"
[2] "rh_gam_exec_accuracy_t_fdr <- vector(length = 10242)"  
[1] "rh_gam_exec_accuracy_t_uncor <- vector(length = 10242)"
[2] "rh_gam_exec_accuracy_t_fdr <- vector(length = 10242)"  
[1] "rh_gam_soc_accuracy_p_uncor <- vector(length = 10242)"
[2] "rh_gam_soc_accuracy_p_fdr <- vector(length = 10242)"  
[1] "rh_gam_soc_accuracy_p_uncor <- vector(length = 10242)"
[2] "rh_gam_soc_accuracy_p_fdr <- vector(length = 10242)"  
[1] "rh_gam_soc_accuracy_t_uncor <- vector(length = 10242)"
[2] "rh_gam_soc_accuracy_t_fdr <- vector(length = 10242)"  
[1] "rh_gam_soc_accuracy_t_uncor <- vector(length = 10242)"
[2] "rh_gam_soc_accuracy_t_fdr <- vector(length = 10242)"  
[1] "rh_gam_mem_accuracy_p_uncor <- vector(length = 10242)"
[2] "rh_gam_mem_accuracy_p_fdr <- vector(length = 10242)"  
[1] "rh_gam_mem_accuracy_p_uncor <- vector(length = 10242)"
[2] "rh_gam_mem_accuracy_p_fdr <- vector(length = 10242)"  
[1] "rh_gam_mem_accuracy_t_uncor <- vector(length = 10242)"
[2] "rh_gam_mem_accuracy_t_fdr <- vector(length = 10242)"  
[1] "rh_gam_mem_accuracy_t_uncor <- vector(length = 10242)"
[2] "rh_gam_mem_accuracy_t_fdr <- vector(length = 10242)"  


PS:

Read file </project/imco/baller/scripts/coupling/logfiles/outputlogjob.error> for stderr output of this job.

Sender: LSF System <jszostek@lasr1>
Subject: Job 8196024: <#!/bin/bash;echo LSB_JOB_REPORT_MAIL=N >> ~/.bashrc;Rscript coupling_accuracy_fx_T.R> in cluster <PMACS-SCC> Exited

Job <#!/bin/bash;echo LSB_JOB_REPORT_MAIL=N >> ~/.bashrc;Rscript coupling_accuracy_fx_T.R> was submitted from host <scisub> by user <eballer> in cluster <PMACS-SCC> at Tue Feb 16 12:49:46 2021
Job was executed on host(s) <lasr1>, in queue <bbl_normal>, as user <eballer> in cluster <PMACS-SCC> at Tue Feb 16 12:49:47 2021
</home/eballer> was used as the home directory.
</project/imco/baller/scripts/coupling> was used as the working directory.
Started at Tue Feb 16 12:49:47 2021
Terminated at Tue Feb 16 12:51:17 2021
Results reported at Tue Feb 16 12:51:17 2021

Your job looked like:

------------------------------------------------------------
# LSBATCH: User input
#!/bin/bash
echo LSB_JOB_REPORT_MAIL=N >> ~/.bashrc
Rscript coupling_accuracy_fx_T.R

------------------------------------------------------------

Exited with exit code 1.

Resource usage summary:

    CPU time :                                   70.02 sec.
    Max Memory :                                 667 MB
    Average Memory :                             502.50 MB
    Total Requested Memory :                     131072.00 MB
    Delta Memory :                               130405.00 MB
    Max Swap :                                   -
    Max Processes :                              4
    Max Threads :                                5
    Run time :                                   90 sec.
    Turnaround time :                            91 sec.

The output (if any) follows:

[1] "lh_gam_age_p_uncor <- vector(length = 10242)"
[2] "lh_gam_age_p_fdr <- vector(length = 10242)"  
[1] "lh_gam_age_p_uncor <- vector(length = 10242)"
[2] "lh_gam_age_p_fdr <- vector(length = 10242)"  
[1] "lh_gam_age_t_uncor <- vector(length = 10242)"
[2] "lh_gam_age_t_fdr <- vector(length = 10242)"  
[1] "lh_gam_age_t_uncor <- vector(length = 10242)"
[2] "lh_gam_age_t_fdr <- vector(length = 10242)"  
[1] "lh_gam_sex_p_uncor <- vector(length = 10242)"
[2] "lh_gam_sex_p_fdr <- vector(length = 10242)"  
[1] "lh_gam_sex_p_uncor <- vector(length = 10242)"
[2] "lh_gam_sex_p_fdr <- vector(length = 10242)"  
[1] "lh_gam_sex_t_uncor <- vector(length = 10242)"
[2] "lh_gam_sex_t_fdr <- vector(length = 10242)"  
[1] "lh_gam_sex_t_uncor <- vector(length = 10242)"
[2] "lh_gam_sex_t_fdr <- vector(length = 10242)"  
[1] "lh_gam_accuracy_p_uncor <- vector(length = 10242)"
[2] "lh_gam_accuracy_p_fdr <- vector(length = 10242)"  
[1] "lh_gam_accuracy_p_uncor <- vector(length = 10242)"
[2] "lh_gam_accuracy_p_fdr <- vector(length = 10242)"  
[1] "lh_gam_accuracy_t_uncor <- vector(length = 10242)"
[2] "lh_gam_accuracy_t_fdr <- vector(length = 10242)"  
[1] "lh_gam_accuracy_t_uncor <- vector(length = 10242)"
[2] "lh_gam_accuracy_t_fdr <- vector(length = 10242)"  
[1] "lh_gam_exec_accuracy_p_uncor <- vector(length = 10242)"
[2] "lh_gam_exec_accuracy_p_fdr <- vector(length = 10242)"  
[1] "lh_gam_exec_accuracy_p_uncor <- vector(length = 10242)"
[2] "lh_gam_exec_accuracy_p_fdr <- vector(length = 10242)"  
[1] "lh_gam_exec_accuracy_t_uncor <- vector(length = 10242)"
[2] "lh_gam_exec_accuracy_t_fdr <- vector(length = 10242)"  
[1] "lh_gam_exec_accuracy_t_uncor <- vector(length = 10242)"
[2] "lh_gam_exec_accuracy_t_fdr <- vector(length = 10242)"  
[1] "lh_gam_soc_accuracy_p_uncor <- vector(length = 10242)"
[2] "lh_gam_soc_accuracy_p_fdr <- vector(length = 10242)"  
[1] "lh_gam_soc_accuracy_p_uncor <- vector(length = 10242)"
[2] "lh_gam_soc_accuracy_p_fdr <- vector(length = 10242)"  
[1] "lh_gam_soc_accuracy_t_uncor <- vector(length = 10242)"
[2] "lh_gam_soc_accuracy_t_fdr <- vector(length = 10242)"  
[1] "lh_gam_soc_accuracy_t_uncor <- vector(length = 10242)"
[2] "lh_gam_soc_accuracy_t_fdr <- vector(length = 10242)"  
[1] "lh_gam_mem_accuracy_p_uncor <- vector(length = 10242)"
[2] "lh_gam_mem_accuracy_p_fdr <- vector(length = 10242)"  
[1] "lh_gam_mem_accuracy_p_uncor <- vector(length = 10242)"
[2] "lh_gam_mem_accuracy_p_fdr <- vector(length = 10242)"  
[1] "lh_gam_mem_accuracy_t_uncor <- vector(length = 10242)"
[2] "lh_gam_mem_accuracy_t_fdr <- vector(length = 10242)"  
[1] "lh_gam_mem_accuracy_t_uncor <- vector(length = 10242)"
[2] "lh_gam_mem_accuracy_t_fdr <- vector(length = 10242)"  
[1] "rh_gam_age_p_uncor <- vector(length = 10242)"
[2] "rh_gam_age_p_fdr <- vector(length = 10242)"  
[1] "rh_gam_age_p_uncor <- vector(length = 10242)"
[2] "rh_gam_age_p_fdr <- vector(length = 10242)"  
[1] "rh_gam_age_t_uncor <- vector(length = 10242)"
[2] "rh_gam_age_t_fdr <- vector(length = 10242)"  
[1] "rh_gam_age_t_uncor <- vector(length = 10242)"
[2] "rh_gam_age_t_fdr <- vector(length = 10242)"  
[1] "rh_gam_sex_p_uncor <- vector(length = 10242)"
[2] "rh_gam_sex_p_fdr <- vector(length = 10242)"  
[1] "rh_gam_sex_p_uncor <- vector(length = 10242)"
[2] "rh_gam_sex_p_fdr <- vector(length = 10242)"  
[1] "rh_gam_sex_t_uncor <- vector(length = 10242)"
[2] "rh_gam_sex_t_fdr <- vector(length = 10242)"  
[1] "rh_gam_sex_t_uncor <- vector(length = 10242)"
[2] "rh_gam_sex_t_fdr <- vector(length = 10242)"  
[1] "rh_gam_accuracy_p_uncor <- vector(length = 10242)"
[2] "rh_gam_accuracy_p_fdr <- vector(length = 10242)"  
[1] "rh_gam_accuracy_p_uncor <- vector(length = 10242)"
[2] "rh_gam_accuracy_p_fdr <- vector(length = 10242)"  
[1] "rh_gam_accuracy_t_uncor <- vector(length = 10242)"
[2] "rh_gam_accuracy_t_fdr <- vector(length = 10242)"  
[1] "rh_gam_accuracy_t_uncor <- vector(length = 10242)"
[2] "rh_gam_accuracy_t_fdr <- vector(length = 10242)"  
[1] "rh_gam_exec_accuracy_p_uncor <- vector(length = 10242)"
[2] "rh_gam_exec_accuracy_p_fdr <- vector(length = 10242)"  
[1] "rh_gam_exec_accuracy_p_uncor <- vector(length = 10242)"
[2] "rh_gam_exec_accuracy_p_fdr <- vector(length = 10242)"  
[1] "rh_gam_exec_accuracy_t_uncor <- vector(length = 10242)"
[2] "rh_gam_exec_accuracy_t_fdr <- vector(length = 10242)"  
[1] "rh_gam_exec_accuracy_t_uncor <- vector(length = 10242)"
[2] "rh_gam_exec_accuracy_t_fdr <- vector(length = 10242)"  
[1] "rh_gam_soc_accuracy_p_uncor <- vector(length = 10242)"
[2] "rh_gam_soc_accuracy_p_fdr <- vector(length = 10242)"  
[1] "rh_gam_soc_accuracy_p_uncor <- vector(length = 10242)"
[2] "rh_gam_soc_accuracy_p_fdr <- vector(length = 10242)"  
[1] "rh_gam_soc_accuracy_t_uncor <- vector(length = 10242)"
[2] "rh_gam_soc_accuracy_t_fdr <- vector(length = 10242)"  
[1] "rh_gam_soc_accuracy_t_uncor <- vector(length = 10242)"
[2] "rh_gam_soc_accuracy_t_fdr <- vector(length = 10242)"  
[1] "rh_gam_mem_accuracy_p_uncor <- vector(length = 10242)"
[2] "rh_gam_mem_accuracy_p_fdr <- vector(length = 10242)"  
[1] "rh_gam_mem_accuracy_p_uncor <- vector(length = 10242)"
[2] "rh_gam_mem_accuracy_p_fdr <- vector(length = 10242)"  
[1] "rh_gam_mem_accuracy_t_uncor <- vector(length = 10242)"
[2] "rh_gam_mem_accuracy_t_fdr <- vector(length = 10242)"  
[1] "rh_gam_mem_accuracy_t_uncor <- vector(length = 10242)"
[2] "rh_gam_mem_accuracy_t_fdr <- vector(length = 10242)"  


PS:

Read file </project/imco/baller/scripts/coupling/logfiles/outputlogjob.error> for stderr output of this job.

Sender: LSF System <jszostek@lasr1>
Subject: Job 8196028: <#!/bin/bash;echo LSB_JOB_REPORT_MAIL=N >> ~/.bashrc;Rscript coupling_accuracy_fx_T.R> in cluster <PMACS-SCC> Done

Job <#!/bin/bash;echo LSB_JOB_REPORT_MAIL=N >> ~/.bashrc;Rscript coupling_accuracy_fx_T.R> was submitted from host <scisub> by user <eballer> in cluster <PMACS-SCC> at Tue Feb 16 12:55:07 2021
Job was executed on host(s) <lasr1>, in queue <bbl_normal>, as user <eballer> in cluster <PMACS-SCC> at Tue Feb 16 12:55:07 2021
</home/eballer> was used as the home directory.
</project/imco/baller/scripts/coupling> was used as the working directory.
Started at Tue Feb 16 12:55:07 2021
Terminated at Tue Feb 16 13:29:38 2021
Results reported at Tue Feb 16 13:29:38 2021

Your job looked like:

------------------------------------------------------------
# LSBATCH: User input
#!/bin/bash
echo LSB_JOB_REPORT_MAIL=N >> ~/.bashrc
Rscript coupling_accuracy_fx_T.R

------------------------------------------------------------

Successfully completed.

Resource usage summary:

    CPU time :                                   2046.73 sec.
    Max Memory :                                 665 MB
    Average Memory :                             582.18 MB
    Total Requested Memory :                     131072.00 MB
    Delta Memory :                               130407.00 MB
    Max Swap :                                   17592186044415 MB
    Max Processes :                              4
    Max Threads :                                5
    Run time :                                   2071 sec.
    Turnaround time :                            2071 sec.

The output (if any) follows:

[1] "lh_gam_age_p_uncor <- vector(length = 10242)"
[2] "lh_gam_age_p_fdr <- vector(length = 10242)"  
[1] "lh_gam_age_p_uncor <- vector(length = 10242)"
[2] "lh_gam_age_p_fdr <- vector(length = 10242)"  
[1] "lh_gam_age_t_uncor <- vector(length = 10242)"
[2] "lh_gam_age_t_fdr <- vector(length = 10242)"  
[1] "lh_gam_age_t_uncor <- vector(length = 10242)"
[2] "lh_gam_age_t_fdr <- vector(length = 10242)"  
[1] "lh_gam_sex_p_uncor <- vector(length = 10242)"
[2] "lh_gam_sex_p_fdr <- vector(length = 10242)"  
[1] "lh_gam_sex_p_uncor <- vector(length = 10242)"
[2] "lh_gam_sex_p_fdr <- vector(length = 10242)"  
[1] "lh_gam_sex_t_uncor <- vector(length = 10242)"
[2] "lh_gam_sex_t_fdr <- vector(length = 10242)"  
[1] "lh_gam_sex_t_uncor <- vector(length = 10242)"
[2] "lh_gam_sex_t_fdr <- vector(length = 10242)"  
[1] "lh_gam_accuracy_p_uncor <- vector(length = 10242)"
[2] "lh_gam_accuracy_p_fdr <- vector(length = 10242)"  
[1] "lh_gam_accuracy_p_uncor <- vector(length = 10242)"
[2] "lh_gam_accuracy_p_fdr <- vector(length = 10242)"  
[1] "lh_gam_accuracy_t_uncor <- vector(length = 10242)"
[2] "lh_gam_accuracy_t_fdr <- vector(length = 10242)"  
[1] "lh_gam_accuracy_t_uncor <- vector(length = 10242)"
[2] "lh_gam_accuracy_t_fdr <- vector(length = 10242)"  
[1] "lh_gam_exec_accuracy_p_uncor <- vector(length = 10242)"
[2] "lh_gam_exec_accuracy_p_fdr <- vector(length = 10242)"  
[1] "lh_gam_exec_accuracy_p_uncor <- vector(length = 10242)"
[2] "lh_gam_exec_accuracy_p_fdr <- vector(length = 10242)"  
[1] "lh_gam_exec_accuracy_t_uncor <- vector(length = 10242)"
[2] "lh_gam_exec_accuracy_t_fdr <- vector(length = 10242)"  
[1] "lh_gam_exec_accuracy_t_uncor <- vector(length = 10242)"
[2] "lh_gam_exec_accuracy_t_fdr <- vector(length = 10242)"  
[1] "lh_gam_soc_accuracy_p_uncor <- vector(length = 10242)"
[2] "lh_gam_soc_accuracy_p_fdr <- vector(length = 10242)"  
[1] "lh_gam_soc_accuracy_p_uncor <- vector(length = 10242)"
[2] "lh_gam_soc_accuracy_p_fdr <- vector(length = 10242)"  
[1] "lh_gam_soc_accuracy_t_uncor <- vector(length = 10242)"
[2] "lh_gam_soc_accuracy_t_fdr <- vector(length = 10242)"  
[1] "lh_gam_soc_accuracy_t_uncor <- vector(length = 10242)"
[2] "lh_gam_soc_accuracy_t_fdr <- vector(length = 10242)"  
[1] "lh_gam_mem_accuracy_p_uncor <- vector(length = 10242)"
[2] "lh_gam_mem_accuracy_p_fdr <- vector(length = 10242)"  
[1] "lh_gam_mem_accuracy_p_uncor <- vector(length = 10242)"
[2] "lh_gam_mem_accuracy_p_fdr <- vector(length = 10242)"  
[1] "lh_gam_mem_accuracy_t_uncor <- vector(length = 10242)"
[2] "lh_gam_mem_accuracy_t_fdr <- vector(length = 10242)"  
[1] "lh_gam_mem_accuracy_t_uncor <- vector(length = 10242)"
[2] "lh_gam_mem_accuracy_t_fdr <- vector(length = 10242)"  
[1] "rh_gam_age_p_uncor <- vector(length = 10242)"
[2] "rh_gam_age_p_fdr <- vector(length = 10242)"  
[1] "rh_gam_age_p_uncor <- vector(length = 10242)"
[2] "rh_gam_age_p_fdr <- vector(length = 10242)"  
[1] "rh_gam_age_t_uncor <- vector(length = 10242)"
[2] "rh_gam_age_t_fdr <- vector(length = 10242)"  
[1] "rh_gam_age_t_uncor <- vector(length = 10242)"
[2] "rh_gam_age_t_fdr <- vector(length = 10242)"  
[1] "rh_gam_sex_p_uncor <- vector(length = 10242)"
[2] "rh_gam_sex_p_fdr <- vector(length = 10242)"  
[1] "rh_gam_sex_p_uncor <- vector(length = 10242)"
[2] "rh_gam_sex_p_fdr <- vector(length = 10242)"  
[1] "rh_gam_sex_t_uncor <- vector(length = 10242)"
[2] "rh_gam_sex_t_fdr <- vector(length = 10242)"  
[1] "rh_gam_sex_t_uncor <- vector(length = 10242)"
[2] "rh_gam_sex_t_fdr <- vector(length = 10242)"  
[1] "rh_gam_accuracy_p_uncor <- vector(length = 10242)"
[2] "rh_gam_accuracy_p_fdr <- vector(length = 10242)"  
[1] "rh_gam_accuracy_p_uncor <- vector(length = 10242)"
[2] "rh_gam_accuracy_p_fdr <- vector(length = 10242)"  
[1] "rh_gam_accuracy_t_uncor <- vector(length = 10242)"
[2] "rh_gam_accuracy_t_fdr <- vector(length = 10242)"  
[1] "rh_gam_accuracy_t_uncor <- vector(length = 10242)"
[2] "rh_gam_accuracy_t_fdr <- vector(length = 10242)"  
[1] "rh_gam_exec_accuracy_p_uncor <- vector(length = 10242)"
[2] "rh_gam_exec_accuracy_p_fdr <- vector(length = 10242)"  
[1] "rh_gam_exec_accuracy_p_uncor <- vector(length = 10242)"
[2] "rh_gam_exec_accuracy_p_fdr <- vector(length = 10242)"  
[1] "rh_gam_exec_accuracy_t_uncor <- vector(length = 10242)"
[2] "rh_gam_exec_accuracy_t_fdr <- vector(length = 10242)"  
[1] "rh_gam_exec_accuracy_t_uncor <- vector(length = 10242)"
[2] "rh_gam_exec_accuracy_t_fdr <- vector(length = 10242)"  
[1] "rh_gam_soc_accuracy_p_uncor <- vector(length = 10242)"
[2] "rh_gam_soc_accuracy_p_fdr <- vector(length = 10242)"  
[1] "rh_gam_soc_accuracy_p_uncor <- vector(length = 10242)"
[2] "rh_gam_soc_accuracy_p_fdr <- vector(length = 10242)"  
[1] "rh_gam_soc_accuracy_t_uncor <- vector(length = 10242)"
[2] "rh_gam_soc_accuracy_t_fdr <- vector(length = 10242)"  
[1] "rh_gam_soc_accuracy_t_uncor <- vector(length = 10242)"
[2] "rh_gam_soc_accuracy_t_fdr <- vector(length = 10242)"  
[1] "rh_gam_mem_accuracy_p_uncor <- vector(length = 10242)"
[2] "rh_gam_mem_accuracy_p_fdr <- vector(length = 10242)"  
[1] "rh_gam_mem_accuracy_p_uncor <- vector(length = 10242)"
[2] "rh_gam_mem_accuracy_p_fdr <- vector(length = 10242)"  
[1] "rh_gam_mem_accuracy_t_uncor <- vector(length = 10242)"
[2] "rh_gam_mem_accuracy_t_fdr <- vector(length = 10242)"  
[1] "rh_gam_mem_accuracy_t_uncor <- vector(length = 10242)"
[2] "rh_gam_mem_accuracy_t_fdr <- vector(length = 10242)"  
[1] "lh_gam_age_p_uncor"
[1] "lh_gam_sex_p_uncor"
[1] "lh_gam_accuracy_p_uncor"
[1] "lh_gam_exec_accuracy_p_uncor"
[1] "lh_gam_soc_accuracy_p_uncor"
[1] "lh_gam_mem_accuracy_p_uncor"
[1] "rh_gam_age_p_uncor"
[1] "rh_gam_sex_p_uncor"
[1] "rh_gam_accuracy_p_uncor"
[1] "rh_gam_exec_accuracy_p_uncor"
[1] "rh_gam_soc_accuracy_p_uncor"
[1] "rh_gam_mem_accuracy_p_uncor"
[1] "lh_lm_age_p_uncor"
[1] "lh_lm_sex_p_uncor"
[1] "lh_lm_accuracy_p_uncor"
[1] "lh_lm_exec_accuracy_p_uncor"
[1] "lh_lm_soc_accuracy_p_uncor"
[1] "lh_lm_mem_accuracy_p_uncor"
[1] "rh_lm_age_p_uncor"
[1] "rh_lm_sex_p_uncor"
[1] "rh_lm_accuracy_p_uncor"
[1] "rh_lm_exec_accuracy_p_uncor"
[1] "rh_lm_soc_accuracy_p_uncor"
[1] "rh_lm_mem_accuracy_p_uncor"


PS:

Read file </project/imco/baller/scripts/coupling/logfiles/outputlogjob.error> for stderr output of this job.

